#
# There is insufficient memory for the Java Runtime Environment to continue.
# Native memory allocation (malloc) failed to allocate 8192 bytes for AllocateHeap
# Possible reasons:
#   The system is out of physical RAM or swap space
#   In 32 bit mode, the process size limit was hit
# Possible solutions:
#   Reduce memory load on the system
#   Increase physical memory or swap space
#   Check if swap backing store is full
#   Use 64 bit Java on a 64 bit OS
#   Decrease Java heap size (-Xmx/-Xms)
#   Decrease number of Java threads
#   Decrease Java thread stack sizes (-Xss)
#   Set larger code cache with -XX:ReservedCodeCacheSize=
# This output file may be truncated or incomplete.
#
#  Out of Memory Error (memory/allocation.inline.hpp:61), pid=28304, tid=38384
#
# JRE version:  (8.0_66-b18) (build )
# Java VM: Java HotSpot(TM) 64-Bit Server VM (25.66-b18 mixed mode windows-amd64 compressed oops)
# Failed to write core dump. Minidumps are not enabled by default on client versions of Windows
#

---------------  T H R E A D  ---------------

Current thread (0x0000000002322800):  JavaThread "main" [_thread_in_vm, id=38384, stack(0x0000000001ec0000,0x0000000001fc0000)]

Stack: [0x0000000001ec0000,0x0000000001fc0000]
[error occurred during error reporting (printing stack bounds), id 0xc0000005]

Native frames: (J=compiled Java code, j=interpreted, Vv=VM code, C=native code)

Java frames: (J=compiled Java code, j=interpreted, Vv=VM code)
j  java.lang.Throwable.<clinit>()V+31
v  ~StubRoutines::call_stub
j  java.lang.Thread.start0()V+0
j  java.lang.Thread.start()V+26
j  java.lang.ref.Finalizer.<clinit>()V+68
v  ~StubRoutines::call_stub

---------------  P R O C E S S  ---------------

Java Threads: ( => current thread )
  0x000000000240e000 JavaThread "Reference Handler" daemon [_thread_new, id=74600, stack(0x0000000000000000,0x0000000000000000)]
=>0x0000000002322800 JavaThread "main" [_thread_in_vm, id=38384, stack(0x0000000001ec0000,0x0000000001fc0000)]

Other Threads:
  0x0000000014ab7800 VMThread [stack: 0x0000000015b80000,0x0000000015c80000] [id=57224]

VM state:not at safepoint (normal execution)

VM Mutex/Monitor currently owned by a thread:  ([mutex/lock_event])
[0x000000000203d440] SymbolTable_lock - owner thread: 0x0000000002322800

Heap:
 PSYoungGen      total 38400K, used 665K [0x00000000eab00000, 0x00000000ed580000, 0x0000000100000000)
  eden space 33280K, 2% used [0x00000000eab00000,0x00000000eaba6670,0x00000000ecb80000)
  from space 5120K, 0% used [0x00000000ed080000,0x00000000ed080000,0x00000000ed580000)
  to   space 5120K, 0% used [0x00000000ecb80000,0x00000000ecb80000,0x00000000ed080000)
 ParOldGen       total 87552K, used 0K [0x00000000c0000000, 0x00000000c5580000, 0x00000000eab00000)
  object space 87552K, 0% used [0x00000000c0000000,0x00000000c0000000,0x00000000c5580000)
 Metaspace       used 938K, capacity 4480K, committed 4480K, reserved 1056768K
  class space    used 98K, capacity 384K, committed 384K, reserved 1048576K

Card table byte_map: [0x00000000117e0000,0x00000000119f0000] byte_map_base: 0x00000000111e0000

Marking Bits: (ParMarkBitMap*) 0x00000000771ca5b0
 Begin Bits: [0x0000000011f50000, 0x0000000012f50000)
 End Bits:   [0x0000000012f50000, 0x0000000013f50000)

Polling page: 0x0000000001e60000

CodeCache: size=245760Kb used=397Kb max_used=397Kb free=245362Kb
 bounds [0x0000000002420000, 0x0000000002690000, 0x0000000011420000]
 total_blobs=89 nmethods=0 adapters=63
 compilation: enabled

Compilation events (0 events):
No events

GC Heap History (0 events):
No events

Deoptimization events (0 events):
No events

Internal exceptions (0 events):
No events

Events (10 events):
Event: 0.337 loading class java/lang/ref/ReferenceQueue done
Event: 0.337 loading class java/lang/ref/ReferenceQueue$Null
Event: 0.337 loading class java/lang/ref/ReferenceQueue$Null done
Event: 0.337 loading class java/lang/ref/ReferenceQueue$Lock
Event: 0.337 loading class java/lang/ref/ReferenceQueue$Lock done
Event: 0.337 loading class java/lang/ref/Finalizer$FinalizerThread
Event: 0.337 loading class java/lang/ref/Finalizer$FinalizerThread done
Event: 0.338 loading class java/util/ArrayList
Event: 0.339 loading class java/util/ArrayList done
Event: 0.339 loading class java/util/Collections


Dynamic libraries:
0x000007f7987b0000 - 0x000007f7987e7000 	C:\Program Files\Java\jdk1.8.0_66\bin\java.exe
0x000007f96fb90000 - 0x000007f96fd4d000 	C:\Windows\SYSTEM32\ntdll.dll
0x000007f96f010000 - 0x000007f96f147000 	C:\Windows\system32\KERNEL32.DLL
0x000007f96cb80000 - 0x000007f96cc74000 	C:\Windows\system32\KERNELBASE.dll
0x000007f96f560000 - 0x000007f96f63e000 	C:\Windows\system32\ADVAPI32.dll
0x000007f96f890000 - 0x000007f96f9dc000 	C:\Windows\system32\USER32.dll
0x000007f96a610000 - 0x000007f96a87a000 	C:\Windows\WinSxS\amd64_microsoft.windows.common-controls_6595b64144ccf1df_6.0.9200.17321_none_41866eeb718ed8b9\COMCTL32.dll
0x000007f96eab0000 - 0x000007f96eb55000 	C:\Windows\system32\msvcrt.dll
0x000007f96e8d0000 - 0x000007f96e918000 	C:\Windows\SYSTEM32\sechost.dll
0x000007f96f150000 - 0x000007f96f295000 	C:\Windows\system32\RPCRT4.dll
0x000007f96e780000 - 0x000007f96e8c1000 	C:\Windows\system32\GDI32.dll
0x000007f96eb60000 - 0x000007f96eb99000 	C:\Windows\system32\IMM32.DLL
0x000007f96f2a0000 - 0x000007f96f3b5000 	C:\Windows\system32\MSCTF.dll
0x00000000768e0000 - 0x00000000769b2000 	C:\Program Files\Java\jdk1.8.0_66\jre\bin\msvcr100.dll
0x00000000769c0000 - 0x0000000077249000 	C:\Program Files\Java\jdk1.8.0_66\jre\bin\server\jvm.dll
0x000007f969f60000 - 0x000007f969f69000 	C:\Windows\SYSTEM32\WSOCK32.dll
0x000007f969dd0000 - 0x000007f969df0000 	C:\Windows\SYSTEM32\WINMM.dll
0x000007f969df0000 - 0x000007f969df9000 	C:\Windows\SYSTEM32\VERSION.dll
0x000007f96f000000 - 0x000007f96f007000 	C:\Windows\system32\PSAPI.DLL
0x000007f96ecb0000 - 0x000007f96ed08000 	C:\Windows\system32\WS2_32.dll
0x000007f969d60000 - 0x000007f969d93000 	C:\Windows\SYSTEM32\WINMMBASE.dll
0x000007f96f3c0000 - 0x000007f96f3c9000 	C:\Windows\system32\NSI.dll
0x000007f96cc80000 - 0x000007f96cccf000 	C:\Windows\SYSTEM32\cfgmgr32.dll
0x000007f96cad0000 - 0x000007f96caf2000 	C:\Windows\system32\DEVOBJ.dll
0x00000000504e0000 - 0x00000000504ef000 	C:\Program Files\Java\jdk1.8.0_66\jre\bin\verify.dll
0x0000000050060000 - 0x0000000050089000 	C:\Program Files\Java\jdk1.8.0_66\jre\bin\java.dll
0x0000000050040000 - 0x0000000050056000 	C:\Program Files\Java\jdk1.8.0_66\jre\bin\zip.dll

VM Arguments:
jvm_args: -Djava.awt.headless=true -Xmx1024M -Dfile.encoding=windows-1252 -Duser.country=US -Duser.language=en -Duser.variant 
java_command: com.android.dx.command.Main --dex --force-jumbo --num-threads=4 --multi-dex --output C:\Users\Dev\Documents\FTC 5206\5206 Codebase\FTC-2016-2017\TeamCode\build\intermediates\transforms\dex\debug\folders\1000\10\intermediates-exploded-aar-Hardware-release_ca030b0f49b8b78989455118af388ac2f3d47a56 C:\Users\Dev\Documents\FTC 5206\5206 Codebase\FTC-2016-2017\TeamCode\build\intermediates\exploded-aar\Hardware-release\jars\classes.jar
java_class_path (initial): C:\Users\Dev\AppData\Local\Android\sdk\build-tools\23.0.3\lib\dx.jar
Launcher Type: SUN_STANDARD

Environment Variables:
JAVA_HOME=C:\Progra~1\Java\jdk1.8.0_66
PATH=C:\Program Files\ImageMagick-6.9.3-Q16;C:\MinGW\bin;C:\ProgramData\Oracle\Java\javapath;C:\Program Files (x86)\NVIDIA Corporation\PhysX\Common;C:\Program Files (x86)\Intel\iCLS Client\;C:\Program Files\Intel\iCLS Client\;C:\Windows\system32;C:\Windows;C:\Windows\System32\Wbem;C:\Windows\System32\WindowsPowerShell\v1.0\;C:\Program Files (x86)\Intel\OpenCL SDK\2.0\bin\x86;C:\Program Files (x86)\Intel\OpenCL SDK\2.0\bin\x64;C:\Program Files\Intel\Intel(R) Management Engine Components\DAL;C:\Program Files\Intel\Intel(R) Management Engine Components\IPT;C:\Program Files (x86)\Intel\Intel(R) Management Engine Components\DAL;C:\Program Files (x86)\Intel\Intel(R) Management Engine Components\IPT;C:\Program Files\Sony\VAIO Improvement\;C:\Program Files (x86)\Sony\VAIO Startup Setting Tool;C:\Program Files (x86)\Intel\OpenCL SDK\2.0\bin\x86;C:\Program Files (x86)\Intel\OpenCL SDK\2.0\bin\x64;C:\Program Files\Intel\WiFi\bin\;C:\Program Files\Common Files\Intel\WirelessCommon\;C:\Program Files (x86)\Xuggle\bin;C:\Program Files (x86)\IVI Foundation\VISA\WinNT\Bin;C:\Program Files\Microsoft SQL Server\120\Tools\Binn\;C:\Program Files (x86)\Skype\Phone\;C:\Users\Dev\Anaconda3;C:\Users\Dev\Anaconda3\Scripts;C:\Users\Dev\Anaconda3\Library\bin;C:\Progra~1\Java\jdk1.8.0_66\bin;c:\Users\Dev\AppData\Local\atom\bin;C:\Users\Dev\AppData\Local\atom\bin;C:\MinGW\bin;C:\Program Files (x86)\GnuWin32\bin;C:\Users\Dev\Premake4;C:\Program Files (x86)\LLVM\bin;C:\Users\Dev\AppData\Local\GitHub\PortableGit_c7e0cbde92ba565cb218a521411d0e854079a28c\cmd;C:\Users\Dev\AppData\Local\Android\sdk\ndk-bundle;C:\Program Files (x86)\GnuWin32\bin;C:\Users\Dev\Documents\Code\Exercism;C:\Users\Dev\AppData\Local\atom\app-1.10.2
USERNAME=Dev
OS=Windows_NT
PROCESSOR_IDENTIFIER=Intel64 Family 6 Model 58 Stepping 9, GenuineIntel



---------------  S Y S T E M  ---------------

OS: Windows 8 , 64 bit Build 9200 (6.2.9200.16859)

CPU:total 4 (2 cores per cpu, 2 threads per core) family 6 model 58 stepping 9, cmov, cx8, fxsr, mmx, sse, sse2, sse3, ssse3, sse4.1, sse4.2, popcnt, avx, aes, clmul, erms, ht, tsc, tscinvbit, tscinv

Memory: 4k page, physical 8264980k(826324k free), swap 25042196k(5084k free)

vm_info: Java HotSpot(TM) 64-Bit Server VM (25.66-b18) for windows-amd64 JRE (1.8.0_66-b18), built on Nov  9 2015 10:51:13 by "java_re" with MS VC++ 10.0 (VS2010)

time: Thu Mar 02 01:07:50 2017
elapsed time: 0 seconds (0d 0h 0m 0s)

